2024-11-10 13:16:31,211 [INFO] Activator:176 - 


2024-11-10 13:16:31,217 [INFO] Activator:177 - !SESSION log4j initialized
2024-11-10 13:16:44,530 [INFO] LogOutputStream:77 - [STDOUT_REDIRECT] 
2024-11-10 13:16:52,792 [INFO] ApplicationProperties:184 - Using Application install path: C:\ST\STM32CubeIDE_1.16.1\STM32CubeIDE\plugins\com.st.stm32cube.common.mx_6.12.1.202409122256
2024-11-10 13:16:52,828 [INFO] DbMcusXml:78 - Set database path to: C:\ST\STM32CubeIDE_1.16.1\STM32CubeIDE\plugins\com.st.stm32cube.common.mx_6.12.1.202409122256\\db\/mcu/
2024-11-10 13:16:52,828 [INFO] ApiDb:274 - Set plugin database path to: C:\ST\STM32CubeIDE_1.16.1\STM32CubeIDE\plugins\com.st.stm32cube.common.mx_6.12.1.202409122256\\db\/plugins/boardmanager/
2024-11-10 13:16:52,829 [WARN] ApiDb:259 - Overriding images path with different value:  => C:\ST\STM32CubeIDE_1.16.1\STM32CubeIDE\plugins\com.st.stm32cube.common.mx_6.12.1.202409122256\\db\/plugins/mcufinder/images/
2024-11-10 13:16:52,844 [INFO] ApiDb:250 - Set database path to: C:\Users\eroto\.stmcufinder\plugins\mcufinder//mcu/
2024-11-10 13:16:52,847 [INFO] DbMcusAds:125 - Set database path to: C:\Users\eroto\.stmcufinder\plugins\mcufinder//mcu/
2024-11-10 13:16:52,852 [INFO] CrossReferenceDbSqlite:203 - Set database path to: C:\Users\eroto\.stmcufinder\plugins\mcufinder//mcu/cs/
2024-11-10 13:16:53,140 [INFO] RulesReader:64 - Compatibility file has been processed (297 Rules)
2024-11-10 13:16:53,348 [INFO] DbMcusXml:78 - Set database path to: C:\ST\STM32CubeIDE_1.16.1\STM32CubeIDE\plugins\com.st.stm32cube.common.mx_6.12.1.202409122256\\db\/mcu/
2024-11-10 13:16:53,349 [INFO] ApiDb:274 - Set plugin database path to: C:\ST\STM32CubeIDE_1.16.1\STM32CubeIDE\plugins\com.st.stm32cube.common.mx_6.12.1.202409122256\\db\/plugins/boardmanager/
2024-11-10 13:16:53,350 [INFO] ApiDb:261 - Set plugin images path to: C:\ST\STM32CubeIDE_1.16.1\STM32CubeIDE\plugins\com.st.stm32cube.common.mx_6.12.1.202409122256\\db\/plugins/mcufinder/images/
2024-11-10 13:16:53,351 [WARN] DbFile:41 - Overriding database path with different value: C:\Users\eroto\.stmcufinder\plugins\mcufinder/ => C:\Users\eroto\.stmcufinder\plugins\mcufinder
2024-11-10 13:16:53,351 [INFO] ApiDb:250 - Set database path to: C:\Users\eroto\.stmcufinder\plugins\mcufinder//mcu/
2024-11-10 13:16:53,351 [WARN] DbFile:41 - Overriding database path with different value: C:\Users\eroto\.stmcufinder\plugins\mcufinder/ => C:\Users\eroto\.stmcufinder\plugins\mcufinder
2024-11-10 13:16:53,351 [INFO] DbMcusAds:125 - Set database path to: C:\Users\eroto\.stmcufinder\plugins\mcufinder//mcu/
2024-11-10 13:16:53,352 [WARN] DbFile:41 - Overriding database path with different value: C:\Users\eroto\.stmcufinder\plugins\mcufinder/ => C:\Users\eroto\.stmcufinder\plugins\mcufinder
2024-11-10 13:16:53,352 [WARN] DbFile:41 - Overriding database path with different value: C:\Users\eroto\.stmcufinder\plugins\mcufinder/ => C:\Users\eroto\.stmcufinder\plugins\mcufinder
2024-11-10 13:16:53,352 [INFO] CrossReferenceDbSqlite:203 - Set database path to: C:\Users\eroto\.stmcufinder\plugins\mcufinder//mcu/cs/
2024-11-10 13:16:53,518 [INFO] MainPanel:268 - HeapMemory: 268435456
2024-11-10 13:16:53,906 [INFO] DbMcusXml:78 - Set database path to: C:\ST\STM32CubeIDE_1.16.1\STM32CubeIDE\plugins\com.st.stm32cube.common.mx_6.12.1.202409122256\\db\/mcu/
2024-11-10 13:16:53,906 [INFO] ApiDb:274 - Set plugin database path to: C:\ST\STM32CubeIDE_1.16.1\STM32CubeIDE\plugins\com.st.stm32cube.common.mx_6.12.1.202409122256\\db\/plugins/boardmanager/
2024-11-10 13:16:53,906 [INFO] ApiDb:261 - Set plugin images path to: C:\ST\STM32CubeIDE_1.16.1\STM32CubeIDE\plugins\com.st.stm32cube.common.mx_6.12.1.202409122256\\db\/plugins/mcufinder/images/
2024-11-10 13:16:53,907 [WARN] DbFile:41 - Overriding database path with different value: C:\Users\eroto\.stmcufinder\plugins\mcufinder/ => C:\Users\eroto\.stmcufinder\plugins\mcufinder
2024-11-10 13:16:53,907 [INFO] ApiDb:250 - Set database path to: C:\Users\eroto\.stmcufinder\plugins\mcufinder//mcu/
2024-11-10 13:16:53,907 [WARN] DbFile:41 - Overriding database path with different value: C:\Users\eroto\.stmcufinder\plugins\mcufinder/ => C:\Users\eroto\.stmcufinder\plugins\mcufinder
2024-11-10 13:16:53,908 [INFO] DbMcusAds:125 - Set database path to: C:\Users\eroto\.stmcufinder\plugins\mcufinder//mcu/
2024-11-10 13:16:53,908 [WARN] DbFile:41 - Overriding database path with different value: C:\Users\eroto\.stmcufinder\plugins\mcufinder/ => C:\Users\eroto\.stmcufinder\plugins\mcufinder
2024-11-10 13:16:53,908 [WARN] DbFile:41 - Overriding database path with different value: C:\Users\eroto\.stmcufinder\plugins\mcufinder/ => C:\Users\eroto\.stmcufinder\plugins\mcufinder
2024-11-10 13:16:53,909 [INFO] CrossReferenceDbSqlite:203 - Set database path to: C:\Users\eroto\.stmcufinder\plugins\mcufinder//mcu/cs/
2024-11-10 13:16:53,965 [INFO] ApplicationProperties:184 - Using Application install path: C:\ST\STM32CubeIDE_1.16.1\STM32CubeIDE\plugins\com.st.stm32cube.common.mx_6.12.1.202409122256
2024-11-10 13:16:53,969 [INFO] PluginManage:196 - Search for loadable plugins [exclusion list=, ]
2024-11-10 13:16:53,974 [INFO] PluginManage:310 - Check plugin analytics
2024-11-10 13:16:59,095 [INFO] AnalyticsPlugin:253 - Accepted Software Licenses: 
2024-11-10 13:16:59,096 [INFO] AnalyticsPlugin:255 - Accepted CMSIS Pack Licenses: 
2024-11-10 13:16:59,096 [INFO] AnalyticsPlugin:257 - Accepted Firmware Licenses: FW.F4.1.28.0
2024-11-10 13:16:59,102 [INFO] PluginManage:359 - Loaded plugin analytics (category:tool,tabindex:-1)
2024-11-10 13:16:59,103 [INFO] PluginManage:310 - Check plugin cadmodel
2024-11-10 13:16:59,131 [INFO] CADModel:105 - Init CAD model plugin
2024-11-10 13:16:59,131 [INFO] PluginManage:359 - Loaded plugin cadmodel (category:power,tabindex:5)
2024-11-10 13:16:59,131 [INFO] PluginManage:310 - Check plugin clock
2024-11-10 13:16:59,171 [INFO] PluginManage:359 - Loaded plugin clock (category:base,tabindex:2)
2024-11-10 13:16:59,171 [INFO] PluginManage:310 - Check plugin ddr
2024-11-10 13:16:59,176 [INFO] PluginManage:359 - Loaded plugin ddr (category:tool,tabindex:6)
2024-11-10 13:16:59,177 [INFO] PluginManage:310 - Check plugin filemanager
2024-11-10 13:16:59,477 [INFO] PluginManage:359 - Loaded plugin filemanager (category:base,tabindex:10)
2024-11-10 13:16:59,478 [INFO] PluginManage:310 - Check plugin ipmanager
2024-11-10 13:16:59,505 [INFO] PluginManage:359 - Loaded plugin ipmanager (category:base,tabindex:5)
2024-11-10 13:16:59,505 [INFO] PluginManage:310 - Check plugin lpbam
2024-11-10 13:16:59,538 [INFO] PluginManage:359 - Loaded plugin lpbam (category:base,tabindex:0)
2024-11-10 13:16:59,538 [INFO] PluginManage:310 - Check plugin memorymap
2024-11-10 13:16:59,587 [INFO] PluginManage:359 - Loaded plugin memorymap (category:base,tabindex:4)
2024-11-10 13:16:59,587 [INFO] PluginManage:310 - Check plugin pinoutandconfiguration
2024-11-10 13:16:59,630 [INFO] PluginManage:359 - Loaded plugin pinoutandconfiguration (category:base,tabindex:1)
2024-11-10 13:16:59,630 [INFO] PluginManage:310 - Check plugin pinoutconfig
2024-11-10 13:16:59,832 [WARN] SupportedApi:132 - Cannot load RTOS API schema: s4s-elt-must-match.1: The content of 'definitions' must match (annotation?, (simpleType | complexType)?, (unique | key | keyref)*)). A problem was found starting at: attribute.
2024-11-10 13:17:00,155 [INFO] PluginManage:359 - Loaded plugin pinoutconfig (category:base,tabindex:0)
2024-11-10 13:17:00,155 [INFO] PluginManage:310 - Check plugin power
2024-11-10 13:17:00,208 [INFO] PluginManage:359 - Loaded plugin power (category:power,tabindex:4)
2024-11-10 13:17:00,209 [INFO] PluginManage:310 - Check plugin projectmanager
2024-11-10 13:17:00,277 [INFO] PluginManage:359 - Loaded plugin projectmanager (category:projectmanager,tabindex:4)
2024-11-10 13:17:00,277 [INFO] PluginManage:310 - Check plugin rif
2024-11-10 13:17:00,368 [INFO] PluginManage:359 - Loaded plugin rif (category:base,tabindex:3)
2024-11-10 13:17:00,368 [INFO] PluginManage:310 - Check plugin thirdparty
2024-11-10 13:17:01,796 [WARN] IntegrityCheckThread:84 - waiting for thirdparty lock release [integrity check]
2024-11-10 13:17:01,799 [INFO] IntegrityCheckThread:86 - entering critical section [integrity check]
2024-11-10 13:17:01,800 [INFO] ThirdPartyUpdaterWithRetryManager:70 - Updater plugin not ready yet. [1/15]
2024-11-10 13:17:01,811 [INFO] PluginManage:359 - Loaded plugin thirdparty (category:base,tabindex:-1)
2024-11-10 13:17:01,813 [INFO] PluginManage:310 - Check plugin tools
2024-11-10 13:17:01,938 [INFO] PluginManage:359 - Loaded plugin tools (category:base,tabindex:7)
2024-11-10 13:17:01,939 [INFO] PluginManage:310 - Check plugin tutovideos
2024-11-10 13:17:02,562 [INFO] PluginManage:359 - Loaded plugin tutovideos (category:base,tabindex:-1)
2024-11-10 13:17:02,563 [INFO] PluginManage:310 - Check plugin updater
2024-11-10 13:17:02,612 [INFO] PluginManage:359 - Loaded plugin updater (category:base,tabindex:12)
2024-11-10 13:17:02,612 [INFO] PluginManage:310 - Check plugin userauth
2024-11-10 13:17:02,628 [INFO] UserAuth:113 - Init User Auth plugin
2024-11-10 13:17:02,629 [INFO] PluginManage:359 - Loaded plugin userauth (category:base,tabindex:14)
2024-11-10 13:17:02,630 [INFO] PluginManage:283 - PluginManage : Loaded plugins [18]
2024-11-10 13:17:03,840 [INFO] PinOutPanel:1561 - setPackage(No Configuration,No Configuration)
2024-11-10 13:17:04,280 [INFO] CADModel:165 - CPN selected for project level
2024-11-10 13:17:04,282 [INFO] CADModel:114 - Register for checkConnection events
2024-11-10 13:17:04,359 [INFO] IPUIPlugin:80 - create IPUIPlugin
2024-11-10 13:17:04,360 [INFO] PluginManager:220 - loadIPPluginJar : add adc
2024-11-10 13:17:04,453 [INFO] IPUIPlugin:80 - create IPUIPlugin
2024-11-10 13:17:04,454 [INFO] PluginManager:220 - loadIPPluginJar : add aes
2024-11-10 13:17:04,561 [INFO] IPUIPlugin:80 - create IPUIPlugin
2024-11-10 13:17:04,562 [INFO] PluginManager:220 - loadIPPluginJar : add can
2024-11-10 13:17:04,664 [INFO] IPUIPlugin:80 - create IPUIPlugin
2024-11-10 13:17:04,666 [INFO] PluginManager:220 - loadIPPluginJar : add comp
2024-11-10 13:17:04,771 [INFO] IPUIPlugin:80 - create IPUIPlugin
2024-11-10 13:17:04,771 [INFO] PluginManager:220 - loadIPPluginJar : add cryp
2024-11-10 13:17:04,803 [INFO] ThirdPartyUpdaterWithRetryManager:70 - Updater plugin not ready yet. [2/15]
2024-11-10 13:17:04,842 [INFO] IPUIPlugin:80 - create IPUIPlugin
2024-11-10 13:17:04,842 [INFO] PluginManager:220 - loadIPPluginJar : add ddr_ctrl_phy
2024-11-10 13:17:04,978 [INFO] IPUIPlugin:80 - create IPUIPlugin
2024-11-10 13:17:04,978 [INFO] PluginManager:220 - loadIPPluginJar : add dfsdm
2024-11-10 13:17:05,014 [INFO] IPUIPlugin:80 - create IPUIPlugin
2024-11-10 13:17:05,016 [INFO] PluginManager:220 - loadIPPluginJar : add dma
2024-11-10 13:17:05,167 [INFO] IPUIPlugin:80 - create IPUIPlugin
2024-11-10 13:17:05,168 [INFO] PluginManager:220 - loadIPPluginJar : add dma3
2024-11-10 13:17:05,267 [INFO] IPUIPlugin:80 - create IPUIPlugin
2024-11-10 13:17:05,267 [INFO] PluginManager:220 - loadIPPluginJar : add extmemmanager
2024-11-10 13:17:05,332 [INFO] IPUIPlugin:80 - create IPUIPlugin
2024-11-10 13:17:05,334 [INFO] PluginManager:220 - loadIPPluginJar : add fatfs
2024-11-10 13:17:05,448 [INFO] IPUIPlugin:80 - create IPUIPlugin
2024-11-10 13:17:05,449 [INFO] PluginManager:220 - loadIPPluginJar : add fmc
2024-11-10 13:17:05,496 [INFO] IPUIPlugin:80 - create IPUIPlugin
2024-11-10 13:17:05,497 [INFO] PluginManager:220 - loadIPPluginJar : add freertos
2024-11-10 13:17:05,558 [INFO] IPUIPlugin:80 - create IPUIPlugin
2024-11-10 13:17:05,559 [INFO] PluginManager:220 - loadIPPluginJar : add genericplugin
2024-11-10 13:17:05,724 [INFO] IPUIPlugin:80 - create IPUIPlugin
2024-11-10 13:17:05,725 [INFO] PluginManager:220 - loadIPPluginJar : add gfxmmu
2024-11-10 13:17:06,103 [INFO] IPUIPlugin:80 - create IPUIPlugin
2024-11-10 13:17:06,103 [INFO] PluginManager:220 - loadIPPluginJar : add gic
2024-11-10 13:17:06,138 [INFO] IPUIPlugin:80 - create IPUIPlugin
2024-11-10 13:17:06,138 [INFO] PluginManager:220 - loadIPPluginJar : add gpio
2024-11-10 13:17:06,337 [INFO] IPUIPlugin:80 - create IPUIPlugin
2024-11-10 13:17:06,337 [INFO] PluginManager:220 - loadIPPluginJar : add gtzc
2024-11-10 13:17:06,401 [INFO] IPUIPlugin:80 - create IPUIPlugin
2024-11-10 13:17:06,402 [INFO] PluginManager:220 - loadIPPluginJar : add hash
2024-11-10 13:17:06,547 [INFO] IPUIPlugin:80 - create IPUIPlugin
2024-11-10 13:17:06,547 [INFO] PluginManager:220 - loadIPPluginJar : add i2c
2024-11-10 13:17:06,633 [INFO] IPUIPlugin:80 - create IPUIPlugin
2024-11-10 13:17:06,633 [INFO] PluginManager:220 - loadIPPluginJar : add i2s
2024-11-10 13:17:06,741 [INFO] IPUIPlugin:80 - create IPUIPlugin
2024-11-10 13:17:06,742 [INFO] PluginManager:220 - loadIPPluginJar : add i3c
2024-11-10 13:17:06,994 [INFO] IPUIPlugin:80 - create IPUIPlugin
2024-11-10 13:17:06,995 [INFO] PluginManager:220 - loadIPPluginJar : add ipddr
2024-11-10 13:17:07,165 [INFO] IPUIPlugin:80 - create IPUIPlugin
2024-11-10 13:17:07,166 [INFO] PluginManager:220 - loadIPPluginJar : add linkedlist
2024-11-10 13:17:07,253 [INFO] IPUIPlugin:80 - create IPUIPlugin
2024-11-10 13:17:07,253 [INFO] PluginManager:220 - loadIPPluginJar : add lorawan
2024-11-10 13:17:07,426 [INFO] IPUIPlugin:80 - create IPUIPlugin
2024-11-10 13:17:07,426 [INFO] PluginManager:220 - loadIPPluginJar : add ltdc
2024-11-10 13:17:07,519 [INFO] IPUIPlugin:80 - create IPUIPlugin
2024-11-10 13:17:07,520 [INFO] PluginManager:220 - loadIPPluginJar : add mdma
2024-11-10 13:17:07,572 [INFO] IPUIPlugin:80 - create IPUIPlugin
2024-11-10 13:17:07,573 [INFO] PluginManager:220 - loadIPPluginJar : add nvic
2024-11-10 13:17:07,707 [INFO] IPUIPlugin:80 - create IPUIPlugin
2024-11-10 13:17:07,707 [INFO] PluginManager:220 - loadIPPluginJar : add opamp
2024-11-10 13:17:07,805 [INFO] ThirdPartyUpdaterWithRetryManager:70 - Updater plugin not ready yet. [3/15]
2024-11-10 13:17:07,828 [INFO] IPUIPlugin:80 - create IPUIPlugin
2024-11-10 13:17:07,829 [INFO] PluginManager:220 - loadIPPluginJar : add openamp
2024-11-10 13:17:07,905 [INFO] IPUIPlugin:80 - create IPUIPlugin
2024-11-10 13:17:07,905 [INFO] PluginManager:220 - loadIPPluginJar : add pdm2pcm
2024-11-10 13:17:07,932 [INFO] IPUIPlugin:80 - create IPUIPlugin
2024-11-10 13:17:07,936 [INFO] PluginManager:220 - loadIPPluginJar : add plateformsettings
2024-11-10 13:17:07,971 [INFO] IPUIPlugin:80 - create IPUIPlugin
2024-11-10 13:17:07,972 [INFO] PluginManager:220 - loadIPPluginJar : add quadspi
2024-11-10 13:17:08,015 [INFO] IPUIPlugin:80 - create IPUIPlugin
2024-11-10 13:17:08,016 [INFO] PluginManager:220 - loadIPPluginJar : add radio
2024-11-10 13:17:08,039 [INFO] IPUIPlugin:80 - create IPUIPlugin
2024-11-10 13:17:08,039 [INFO] PluginManager:220 - loadIPPluginJar : add resmgrutility
2024-11-10 13:17:08,189 [INFO] IPUIPlugin:80 - create IPUIPlugin
2024-11-10 13:17:08,190 [INFO] PluginManager:220 - loadIPPluginJar : add sai
2024-11-10 13:17:08,270 [INFO] IPUIPlugin:80 - create IPUIPlugin
2024-11-10 13:17:08,272 [INFO] PluginManager:220 - loadIPPluginJar : add spi
2024-11-10 13:17:08,479 [INFO] IPUIPlugin:80 - create IPUIPlugin
2024-11-10 13:17:08,480 [INFO] PluginManager:220 - loadIPPluginJar : add stm32_wpan
2024-11-10 13:17:08,569 [INFO] IPUIPlugin:80 - create IPUIPlugin
2024-11-10 13:17:08,569 [INFO] PluginManager:220 - loadIPPluginJar : add tim
2024-11-10 13:17:08,748 [INFO] IPUIPlugin:80 - create IPUIPlugin
2024-11-10 13:17:08,748 [INFO] PluginManager:220 - loadIPPluginJar : add touchsensing
2024-11-10 13:17:08,830 [INFO] IPUIPlugin:80 - create IPUIPlugin
2024-11-10 13:17:08,830 [INFO] PluginManager:220 - loadIPPluginJar : add tracer_emb
2024-11-10 13:17:08,883 [INFO] IPUIPlugin:80 - create IPUIPlugin
2024-11-10 13:17:08,883 [INFO] PluginManager:220 - loadIPPluginJar : add ts
2024-11-10 13:17:08,927 [INFO] IPUIPlugin:80 - create IPUIPlugin
2024-11-10 13:17:08,928 [INFO] PluginManager:220 - loadIPPluginJar : add tsc
2024-11-10 13:17:08,962 [INFO] IPUIPlugin:80 - create IPUIPlugin
2024-11-10 13:17:08,962 [INFO] PluginManager:220 - loadIPPluginJar : add ucpd
2024-11-10 13:17:09,029 [INFO] IPUIPlugin:80 - create IPUIPlugin
2024-11-10 13:17:09,029 [INFO] PluginManager:220 - loadIPPluginJar : add usart
2024-11-10 13:17:09,090 [INFO] IPUIPlugin:80 - create IPUIPlugin
2024-11-10 13:17:09,090 [INFO] PluginManager:220 - loadIPPluginJar : add usbx
2024-11-10 13:17:09,264 [INFO] CADModel:165 - CPN selected for project level
2024-11-10 13:17:09,265 [INFO] CADModel:114 - Register for checkConnection events
2024-11-10 13:17:09,265 [FATAL] Updater:334 - Updater called before beeing initialized
2024-11-10 13:17:09,265 [ERROR] CADModel:125 - Updater not yet initialized, retry later 
2024-11-10 13:17:09,499 [INFO] CADModel:165 - CPN selected for project level
2024-11-10 13:17:09,499 [INFO] CADModel:114 - Register for checkConnection events
2024-11-10 13:17:09,500 [FATAL] Updater:334 - Updater called before beeing initialized
2024-11-10 13:17:09,500 [ERROR] CADModel:125 - Updater not yet initialized, retry later 
2024-11-10 13:17:09,505 [FATAL] Updater:334 - Updater called before beeing initialized
2024-11-10 13:17:09,701 [FATAL] Updater:334 - Updater called before beeing initialized
2024-11-10 13:17:09,721 [INFO] DbMcusAds:53 - JSON generation date=Fri Sep 20 16:04:23 EEST 2024 (1726837463113)
2024-11-10 13:17:09,721 [FATAL] Updater:334 - Updater called before beeing initialized
2024-11-10 13:17:09,791 [WARN] DetailPanel:346 - Failed to get advertising image, set to default
2024-11-10 13:17:09,928 [FATAL] Updater:334 - Updater called before beeing initialized
2024-11-10 13:17:09,933 [FATAL] Updater:334 - Updater called before beeing initialized
2024-11-10 13:17:09,933 [FATAL] Updater:334 - Updater called before beeing initialized
2024-11-10 13:17:09,933 [WARN] DetailPanel:346 - Failed to get advertising image, set to default
2024-11-10 13:17:09,934 [FATAL] Updater:334 - Updater called before beeing initialized
2024-11-10 13:17:10,057 [ERROR] Updater:1164 - MainUpdater not yet initialized. External WinMGr cannot be set.
2024-11-10 13:17:10,074 [INFO] Updater:1100 - Updater Version found : 6.12.1
2024-11-10 13:17:10,118 [INFO] ApplicationProperties:184 - Using Application install path: C:\ST\STM32CubeIDE_1.16.1\STM32CubeIDE\plugins\com.st.stm32cube.common.mx_6.12.1.202409122256
2024-11-10 13:17:10,806 [INFO] ThirdPartyUpdaterWithRetryManager:70 - Updater plugin not ready yet. [4/15]
2024-11-10 13:17:11,716 [ERROR] LogOutputStream:75 - [STDERR_REDIRECT] Nov 10, 2024 1:17:11 PM java.util.prefs.WindowsPreferences <init>
2024-11-10 13:17:11,719 [ERROR] LogOutputStream:75 - [STDERR_REDIRECT] WARNING: Could not open/create prefs root node Software\JavaSoft\Prefs at root 0xffffffff80000002. Windows RegCreateKeyEx(...) returned error code 5.
2024-11-10 13:17:11,719 [ERROR] LogOutputStream:75 - [STDERR_REDIRECT] 
2024-11-10 13:17:12,373 [INFO] MainUpdater:2873 - connection check result : 10
2024-11-10 13:17:12,374 [INFO] MainUpdater:3567 - Updater definition file requires update
2024-11-10 13:17:12,375 [INFO] MainUpdater:290 - Updater Check For Update Now.
2024-11-10 13:17:12,375 [INFO] MicroXplorer:498 - Change Database Version : DB.6.0.121
2024-11-10 13:17:12,405 [INFO] McuFinderGlobals:63 - Set McuFinder mode to 2 (CubeIDE integrated)
2024-11-10 13:17:12,417 [INFO] UserAuth:417 - Internet connection configuration mode: 1
2024-11-10 13:17:12,424 [INFO] ServerAccessManage:473 - Download File updaters.zip
2024-11-10 13:17:12,496 [INFO] JxBrowserEngine:152 - Initiate JxBrowser Engine with user profile folder
2024-11-10 13:17:12,560 [INFO] FileExtend:240 - Unzip File : updaters.zip
2024-11-10 13:17:12,560 [INFO] FileExtend:255 - Standard Zip Deflate
2024-11-10 13:17:14,244 [WARN] MainUpdater:1194 - Updater busy. Cannot search thirdparties
2024-11-10 13:17:14,244 [INFO] ThirdPartyUpdaterWithRetryManager:96 - Updater plugin is busy. [1/15]
2024-11-10 13:17:15,132 [INFO] ServerAccessManage:473 - Download File PacksControlFlags.xml
2024-11-10 13:17:15,702 [INFO] ServerAccessManage:473 - Download File cubemx.pidx
2024-11-10 13:17:16,286 [INFO] LoadServerUpdatesThread:375 - End of LoadServerUpdate Thread
2024-11-10 13:17:16,722 [INFO] CheckServerUpdateThread:120 - End of CheckServer Thread
2024-11-10 13:17:18,373 [WARN] PackLoader:240 - Cannot read IP mode file for STMicroelectronics.FP-SNS-MOTENVWB1.1.4.0
2024-11-10 13:17:18,425 [WARN] PackLoader:240 - Cannot read IP mode file for STMicroelectronics.X-CUBE-SMBUS.2.1.0
2024-11-10 13:17:18,486 [WARN] PackLoader:240 - Cannot read IP mode file for STMicroelectronics.X-CUBE-WB05N.1.1.0
2024-11-10 13:17:18,632 [WARN] PackLoader:240 - Cannot read IP mode file for STMicroelectronics.X-CUBE-AZRTOS-F7.1.1.0
2024-11-10 13:17:19,058 [WARN] PackLoader:240 - Cannot read IP mode file for STMicroelectronics.X-CUBE-MEMS1.11.0.0
2024-11-10 13:17:19,408 [WARN] PackLoader:240 - Cannot read IP mode file for STMicroelectronics.FP-SNS-FLIGHT1.5.0.2
2024-11-10 13:17:19,449 [WARN] PackLoader:240 - Cannot read IP mode file for STMicroelectronics.X-CUBE-DISPLAY.3.0.0
2024-11-10 13:17:19,489 [WARN] PackLoader:240 - Cannot read IP mode file for STMicroelectronics.X-CUBE-BLE1.7.0.0
2024-11-10 13:17:19,538 [WARN] PackLoader:240 - Cannot read IP mode file for STMicroelectronics.X-CUBE-NFC10.1.0.0
2024-11-10 13:17:19,606 [WARN] PackLoader:240 - Cannot read IP mode file for emotas.I-CUBE-CANOPEN.1.3.0
2024-11-10 13:17:19,646 [WARN] PackLoader:240 - Cannot read IP mode file for STMicroelectronics.X-CUBE-BLEMGR.3.1.0
2024-11-10 13:17:19,682 [WARN] PackLoader:240 - Cannot read IP mode file for STMicroelectronics.FP-SNS-SMARTAG2.1.2.0
2024-11-10 13:17:19,722 [INFO] LogOutputStream:77 - [STDOUT_REDIRECT] 1 : Invalid condition id : UX_CORESTACK_Condition cause : null
2024-11-10 13:17:19,724 [INFO] LogOutputStream:77 - [STDOUT_REDIRECT] 1 : Invalid condition id : UX_CORESTACK_Condition cause : null
2024-11-10 13:17:19,726 [INFO] LogOutputStream:77 - [STDOUT_REDIRECT] 1 : Invalid condition id : UX_CORESTACK_Condition cause : null
2024-11-10 13:17:19,729 [INFO] LogOutputStream:77 - [STDOUT_REDIRECT] 1 : Invalid condition id : UX_CORESTACK_Condition cause : null
2024-11-10 13:17:19,731 [INFO] LogOutputStream:77 - [STDOUT_REDIRECT] 1 : Invalid condition id : UX_CORESTACK_Condition cause : null
2024-11-10 13:17:19,736 [WARN] PackLoader:240 - Cannot read IP mode file for STMicroelectronics.X-CUBE-AZRTOS-WL.2.0.0
2024-11-10 13:17:19,763 [WARN] PackLoader:240 - Cannot read IP mode file for STMicroelectronics.FP-SNS-MOTENV1.5.0.0
2024-11-10 13:17:19,799 [WARN] PackLoader:240 - Cannot read IP mode file for WES.I-CUBE-Cesium.1.3.0
2024-11-10 13:17:19,850 [WARN] PackLoader:240 - Cannot read IP mode file for STMicroelectronics.X-CUBE-BLE2.3.3.0
2024-11-10 13:17:19,883 [WARN] PackLoader:240 - Cannot read IP mode file for STMicroelectronics.X-CUBE-NFC9.1.0.0
2024-11-10 13:17:19,907 [WARN] PackLoader:240 - Cannot read IP mode file for STMicroelectronics.X-CUBE-TCPP.4.1.0
2024-11-10 13:17:19,976 [WARN] PackLoader:240 - Cannot read IP mode file for STMicroelectronics.X-CUBE-AZRTOS-G0.1.1.0
2024-11-10 13:17:20,015 [WARN] PackLoader:240 - Cannot read IP mode file for STMicroelectronics.X-CUBE-SAFEA1.1.2.2
2024-11-10 13:17:20,053 [WARN] PackLoader:240 - Cannot read IP mode file for STMicroelectronics.X-CUBE-NFC4.3.0.0
2024-11-10 13:17:20,100 [WARN] PackLoader:240 - Cannot read IP mode file for EmbeddedOffice.I-CUBE-FS-RTOS.1.0.1
2024-11-10 13:17:20,100 [ERROR] ConditionMgr:805 - Attr not supported : Dmpu
2024-11-10 13:17:20,101 [ERROR] ConditionMgr:805 - Attr not supported : Dmpu
2024-11-10 13:17:20,101 [ERROR] ConditionMgr:805 - Attr not supported : Dmpu
2024-11-10 13:17:20,101 [ERROR] ConditionMgr:805 - Attr not supported : Dmpu
2024-11-10 13:17:20,101 [ERROR] ConditionMgr:805 - Attr not supported : Dmpu
2024-11-10 13:17:20,101 [ERROR] ConditionMgr:805 - Attr not supported : Dmpu
2024-11-10 13:17:20,101 [ERROR] ConditionMgr:805 - Attr not supported : Dmpu
2024-11-10 13:17:20,101 [ERROR] ConditionMgr:805 - Attr not supported : Dmpu
2024-11-10 13:17:20,102 [ERROR] ConditionMgr:805 - Attr not supported : Dmpu
2024-11-10 13:17:20,102 [ERROR] ConditionMgr:805 - Attr not supported : Dmpu
2024-11-10 13:17:20,102 [ERROR] ConditionMgr:805 - Attr not supported : Dmpu
2024-11-10 13:17:20,102 [ERROR] ConditionMgr:805 - Attr not supported : Dmpu
2024-11-10 13:17:20,103 [ERROR] ConditionMgr:805 - Attr not supported : Dmpu
2024-11-10 13:17:20,103 [ERROR] ConditionMgr:805 - Attr not supported : Dmpu
2024-11-10 13:17:20,103 [ERROR] ConditionMgr:805 - Attr not supported : Dmpu
2024-11-10 13:17:20,103 [ERROR] ConditionMgr:805 - Attr not supported : Dmpu
2024-11-10 13:17:20,103 [ERROR] ConditionMgr:805 - Attr not supported : Dmpu
2024-11-10 13:17:20,103 [ERROR] ConditionMgr:805 - Attr not supported : Dmpu
2024-11-10 13:17:20,103 [ERROR] ConditionMgr:805 - Attr not supported : Dmpu
2024-11-10 13:17:20,103 [ERROR] ConditionMgr:805 - Attr not supported : Dmpu
2024-11-10 13:17:20,103 [ERROR] ConditionMgr:805 - Attr not supported : Dmpu
2024-11-10 13:17:20,103 [ERROR] ConditionMgr:805 - Attr not supported : Dmpu
2024-11-10 13:17:20,103 [ERROR] ConditionMgr:805 - Attr not supported : Dmpu
2024-11-10 13:17:20,105 [ERROR] ConditionMgr:805 - Attr not supported : Dmpu
2024-11-10 13:17:20,105 [ERROR] ConditionMgr:805 - Attr not supported : Dmpu
2024-11-10 13:17:20,105 [ERROR] ConditionMgr:805 - Attr not supported : Dmpu
2024-11-10 13:17:20,105 [ERROR] ConditionMgr:805 - Attr not supported : Dmpu
2024-11-10 13:17:20,105 [ERROR] ConditionMgr:805 - Attr not supported : Dmpu
2024-11-10 13:17:20,105 [ERROR] ConditionMgr:805 - Attr not supported : Dmpu
2024-11-10 13:17:20,106 [ERROR] ConditionMgr:805 - Attr not supported : Dmpu
2024-11-10 13:17:20,106 [ERROR] ConditionMgr:805 - Attr not supported : Dmpu
2024-11-10 13:17:20,106 [ERROR] ConditionMgr:805 - Attr not supported : Dmpu
2024-11-10 13:17:20,106 [ERROR] ConditionMgr:805 - Attr not supported : Dmpu
2024-11-10 13:17:20,106 [ERROR] ConditionMgr:805 - Attr not supported : Dmpu
2024-11-10 13:17:20,106 [ERROR] ConditionMgr:805 - Attr not supported : Dmpu
2024-11-10 13:17:20,107 [ERROR] ConditionMgr:805 - Attr not supported : Dmpu
2024-11-10 13:17:20,107 [ERROR] ConditionMgr:805 - Attr not supported : Dmpu
2024-11-10 13:17:20,107 [ERROR] ConditionMgr:805 - Attr not supported : Dmpu
2024-11-10 13:17:20,108 [ERROR] ConditionMgr:805 - Attr not supported : Dmpu
2024-11-10 13:17:20,108 [ERROR] ConditionMgr:805 - Attr not supported : Dmpu
2024-11-10 13:17:20,108 [ERROR] ConditionMgr:805 - Attr not supported : Dmpu
2024-11-10 13:17:20,108 [ERROR] ConditionMgr:805 - Attr not supported : Dmpu
2024-11-10 13:17:20,108 [ERROR] ConditionMgr:805 - Attr not supported : Dmpu
2024-11-10 13:17:20,108 [ERROR] ConditionMgr:805 - Attr not supported : Dmpu
2024-11-10 13:17:20,108 [ERROR] ConditionMgr:805 - Attr not supported : Dmpu
2024-11-10 13:17:20,110 [ERROR] ConditionMgr:805 - Attr not supported : Dmpu
2024-11-10 13:17:20,110 [ERROR] ConditionMgr:805 - Attr not supported : Dmpu
2024-11-10 13:17:20,110 [ERROR] ConditionMgr:805 - Attr not supported : Dmpu
2024-11-10 13:17:20,110 [ERROR] ConditionMgr:805 - Attr not supported : Dmpu
2024-11-10 13:17:20,110 [ERROR] ConditionMgr:805 - Attr not supported : Dmpu
2024-11-10 13:17:20,110 [ERROR] ConditionMgr:805 - Attr not supported : Dmpu
2024-11-10 13:17:20,110 [ERROR] ConditionMgr:805 - Attr not supported : Dmpu
2024-11-10 13:17:20,111 [ERROR] ConditionMgr:805 - Attr not supported : Dmpu
2024-11-10 13:17:20,111 [ERROR] ConditionMgr:805 - Attr not supported : Dmpu
2024-11-10 13:17:20,111 [ERROR] ConditionMgr:805 - Attr not supported : Dmpu
2024-11-10 13:17:20,111 [ERROR] ConditionMgr:805 - Attr not supported : Dmpu
2024-11-10 13:17:20,111 [ERROR] ConditionMgr:805 - Attr not supported : Dmpu
2024-11-10 13:17:20,112 [ERROR] ConditionMgr:805 - Attr not supported : Dmpu
2024-11-10 13:17:20,112 [ERROR] ConditionMgr:805 - Attr not supported : Dmpu
2024-11-10 13:17:20,112 [ERROR] ConditionMgr:805 - Attr not supported : Dmpu
2024-11-10 13:17:20,112 [ERROR] ConditionMgr:805 - Attr not supported : Dmpu
2024-11-10 13:17:20,112 [ERROR] ConditionMgr:805 - Attr not supported : Dmpu
2024-11-10 13:17:20,112 [ERROR] ConditionMgr:805 - Attr not supported : Dmpu
2024-11-10 13:17:20,112 [ERROR] ConditionMgr:805 - Attr not supported : Dmpu
2024-11-10 13:17:20,141 [WARN] PackLoader:240 - Cannot read IP mode file for RealThread.X-CUBE-RT-Thread_Nano.4.1.1
2024-11-10 13:17:20,166 [WARN] PackLoader:240 - Cannot read IP mode file for STMicroelectronics.FP-ATR-SIGFOX1.3.2.0
2024-11-10 13:17:20,209 [WARN] PackLoader:240 - Cannot read IP mode file for STMicroelectronics.X-CUBE-EEPRMA1.5.1.0
2024-11-10 13:17:20,267 [WARN] PackLoader:240 - Cannot read IP mode file for ITTIA_DB.I-CUBE-ITTIADB.8.9.0
2024-11-10 13:17:20,366 [WARN] PackLoader:240 - Cannot read IP mode file for SEGGER.I-CUBE-embOS.1.3.1
2024-11-10 13:17:20,466 [WARN] PackLoader:240 - Cannot read IP mode file for STMicroelectronics.X-CUBE-ALGOBUILD.1.4.0
2024-11-10 13:17:20,490 [WARN] PackLoader:240 - Cannot read IP mode file for STMicroelectronics.X-CUBE-AI.9.1.0
2024-11-10 13:17:20,546 [WARN] PackLoader:240 - Cannot read IP mode file for STMicroelectronics.X-CUBE-AZRTOS-F4.1.1.0
2024-11-10 13:17:20,597 [WARN] PackLoader:240 - Cannot read IP mode file for STMicroelectronics.X-CUBE-ISPU.2.1.0
2024-11-10 13:17:20,627 [WARN] PackLoader:240 - Cannot read IP mode file for STMicroelectronics.X-CUBE-FREERTOS.1.2.0
2024-11-10 13:17:20,692 [WARN] PackLoader:240 - Cannot read IP mode file for STMicroelectronics.X-CUBE-AZRTOS-L5.2.0.0
2024-11-10 13:17:20,746 [WARN] PackLoader:240 - Cannot read IP mode file for STMicroelectronics.X-CUBE-NFC6.3.1.0
2024-11-10 13:17:20,783 [WARN] PackLoader:240 - Cannot read IP mode file for STMicroelectronics.X-CUBE-DPower.1.2.0
2024-11-10 13:17:20,822 [WARN] PackLoader:240 - Cannot read IP mode file for STMicroelectronics.X-CUBE-NFC7.1.0.1
2024-11-10 13:17:20,895 [WARN] ConditionMgr:438 - getConditionDescription Invalid condition id : LAN8742 Phy interface Condition cause : null
2024-11-10 13:17:20,898 [WARN] PackLoader:240 - Cannot read IP mode file for STMicroelectronics.X-CUBE-AZRTOS-L4.2.0.0
2024-11-10 13:17:20,900 [WARN] ConditionMgr:1039 - genDependencies : Invalid condition id : LAN8742 Phy interface Condition cause : null
2024-11-10 13:17:20,902 [WARN] ConditionMgr:1039 - genDependencies : Invalid condition id : LAN8742 Phy interface Condition cause : null
2024-11-10 13:17:20,902 [WARN] ConditionMgr:1039 - genDependencies : Invalid condition id : LAN8742 Phy interface Condition cause : null
2024-11-10 13:17:20,942 [WARN] PackLoader:240 - Cannot read IP mode file for STMicroelectronics.X-CUBE-SFXS2LP1.4.0.0
2024-11-10 13:17:21,041 [WARN] PackLoader:240 - Cannot read IP mode file for STMicroelectronics.X-CUBE-AZRTOS-H7.3.3.0
2024-11-10 13:17:21,094 [WARN] PackLoader:240 - Cannot read IP mode file for STMicroelectronics.X-CUBE-IPS.3.0.0
2024-11-10 13:17:21,162 [WARN] ConditionMgr:438 - getConditionDescription Invalid condition id : UX DEVICE CLASS RTOS Condition cause : null
2024-11-10 13:17:21,162 [WARN] ConditionMgr:438 - getConditionDescription Invalid condition id : UX DEVICE CLASS RTOS Condition cause : null
2024-11-10 13:17:21,178 [WARN] PackLoader:240 - Cannot read IP mode file for STMicroelectronics.X-CUBE-AZRTOS-WB.2.0.0
2024-11-10 13:17:21,180 [WARN] ConditionMgr:1039 - genDependencies : Invalid condition id : UX DEVICE CLASS RTOS Condition cause : null
2024-11-10 13:17:21,181 [WARN] ConditionMgr:1039 - genDependencies : Invalid condition id : UX DEVICE CLASS RTOS Condition cause : null
2024-11-10 13:17:21,182 [WARN] ConditionMgr:1039 - genDependencies : Invalid condition id : UX DEVICE CLASS RTOS Condition cause : null
2024-11-10 13:17:21,184 [WARN] ConditionMgr:1039 - genDependencies : Invalid condition id : UX DEVICE CLASS RTOS Condition cause : null
2024-11-10 13:17:21,185 [WARN] ConditionMgr:1039 - genDependencies : Invalid condition id : UX DEVICE CLASS RTOS Condition cause : null
2024-11-10 13:17:21,227 [WARN] PackLoader:240 - Cannot read IP mode file for STMicroelectronics.X-CUBE-GNSS1.7.0.0
2024-11-10 13:17:21,257 [WARN] PackLoader:240 - Cannot read IP mode file for STMicroelectronics.FP-SNS-STBOX1.2.0.0
2024-11-10 13:17:21,308 [WARN] PackLoader:240 - Cannot read IP mode file for STMicroelectronics.X-CUBE-SUBG2.5.0.0
2024-11-10 13:17:21,347 [WARN] PackLoader:240 - Cannot read IP mode file for Cesanta.I-CUBE-Mongoose.7.13.0
2024-11-10 13:17:21,410 [WARN] PackLoader:240 - Cannot read IP mode file for STMicroelectronics.X-CUBE-AZRTOS-G4.2.0.0
2024-11-10 13:17:21,436 [WARN] PackLoader:240 - Cannot read IP mode file for STMicroelectronics.X-CUBE-ALS.1.0.2
2024-11-10 13:17:21,461 [WARN] PackLoader:240 - Cannot read IP mode file for STMicroelectronics.X-CUBE-TOUCHGFX.4.24.1
2024-11-10 13:17:21,487 [WARN] PackLoader:240 - Cannot read IP mode file for portGmbH.I-Cube-SoM-uGOAL.1.1.0
2024-11-10 13:17:21,557 [WARN] PackLoader:240 - Cannot read IP mode file for STMicroelectronics.X-CUBE-AZRTOS-H7RS.1.0.0
2024-11-10 13:17:21,583 [WARN] PackLoader:240 - Cannot read IP mode file for STMicroelectronics.FP-ATR-ASTRA1.2.0.0
2024-11-10 13:17:21,652 [WARN] PackLoader:240 - Cannot read IP mode file for STMicroelectronics.X-CUBE-TOF1.3.4.2
2024-11-10 13:17:21,758 [WARN] PackLoader:240 - Cannot read IP mode file for Infineon.AIROC-Wi-Fi-Bluetooth-STM32.1.6.1
2024-11-10 13:17:21,764 [INFO] ThirdParty:978 - Integrity check success = true
2024-11-10 13:17:21,764 [INFO] IntegrityCheckThread:100 - exiting critical section [integrity check]
2024-11-10 13:17:21,764 [INFO] IntegrityCheckThread:103 - End integrity checks thread
2024-11-10 13:17:28,919 [INFO] WebApp:167 - Instantiating new browser for Auth
2024-11-10 13:17:30,335 [INFO] WebApp:448 - Apply proxy settings
2024-11-10 13:17:30,335 [INFO] WebApp:533 - Chromium requires no authentication
2024-11-10 13:17:30,374 [INFO] WebApp:476 - Direct internet connection detected
2024-11-10 13:17:30,455 [INFO] WebApp:869 - Register for checkConnection events
2024-11-10 13:17:30,455 [INFO] WebApp:448 - Apply proxy settings
2024-11-10 13:17:30,455 [INFO] WebApp:533 - Chromium requires no authentication
2024-11-10 13:17:30,456 [INFO] WebApp:476 - Direct internet connection detected
2024-11-10 13:17:30,697 [INFO] WebApp:186 - Connection restablished
2024-11-10 13:17:31,055 [INFO] WebApp:220 - Starting web application
2024-11-10 13:17:31,055 [INFO] WebApp:578 - Web application path used C:\ST\STM32CubeIDE_1.16.1\STM32CubeIDE\plugins\com.st.stm32cube.common.mx_6.12.1.202409122256\db\plugins\mcufinder\reactClient1\index.html
2024-11-10 13:17:31,442 [INFO] UserAuth:417 - Internet connection configuration mode: 1
